2019-06-02 11:59:48  [ main:0 ] - [ ERROR ]  [SocialNetwork] syntax exception at CentralUser ::= <TommyWong,30,M
2019-06-02 11:59:48  [ main:5 ] - [ ERROR ]  [SocialNetwork] syntax exception at SocialTie :"""web:= <FrankLee, DavidChen, 0.02>
2019-06-02 11:59:48  [ main:6 ] - [ ERROR ]  [SocialNetwork] syntax exception at Friend ::===== <LisaWong, 25, F>
2019-06-02 11:59:48  [ main:8 ] - [ ERROR ]  [SocialNetwork] wrong parameter number at CentralUser ::= <TommyWong,30,M,wxw> ,exception 3 parameters,but is 4 prameters
2019-06-02 11:59:48  [ main:9 ] - [ ERROR ]  [SocialNetwork] SocialTie ::= <TommyWong, LisaWong, 1.98> this relation's intimacy is out of range
2019-06-02 11:59:48  [ main:10 ] - [ ERROR ]  [SocialNetwork] syntax exception at SocialTie ::= <TommyWong, TomWong, -0.2>
2019-06-02 11:59:48  [ main:11 ] - [ ERROR ]  [SocialNetwork] SocialTie ::= <TomWong, FrankLee, 5.71> this relation's intimacy is out of range
2019-06-02 11:59:48  [ main:13 ] - [ ERROR ]  [SocialNetwork] SocialTie ::= <TommyWong, TommyWong, 0.98> this relation haves two same people
2019-06-02 11:59:48  [ main:18 ] - [ ERROR ]  [Electron] syntax exception at ElementName :::::::= Rb
2019-06-02 11:59:48  [ main:19 ] - [ ERROR ]  [Electron] syntax exception at NumberOfTracks :   := 5
2019-06-02 11:59:48  [ main:20 ] - [ ERROR ]  [Electron] syntax exception at NumberOfElectron ::is 1/2;2/8;3/18;4/8;5/1
2019-06-02 11:59:48  [ main:24 ] - [ ERROR ]  [Electron] incorrect dependency exception at NumberOfElectron ::= 1/2;2/8;3/18;4/8;5/1;6/122 ,expected 5 parameters,but is 6 parameters
2019-06-02 11:59:51  [ main:2839 ] - [ ERROR ]  [Stellar] Syntax Ecception at Stellar
2019-06-02 11:59:51  [ main:2843 ] - [ ERROR ]  [Stellar] Planet ::= <Earth,Solid,Blue,6378784137, 1943684325346526424234235,293366366783,CW,0> :6378784137 is bigger than 10000 but don't use Scientific counting
2019-06-02 11:59:51  [ main:2844 ] - [ ERROR ]  [Stellar] Planet ::= <Earth,Solid,Blue,6378784137, 1943684325346526424234235,293366366783,CW,0> : 1943684325346526424234235 is bigger than 10000 but don't use Scientific counting
2019-06-02 11:59:51  [ main:2845 ] - [ ERROR ]  [Stellar] Planet ::= <Earth,Solid,Blue,6378784137, 1943684325346526424234235,293366366783,CW,0> :293366366783 is bigger than 10000 but don't use Scientific counting
2019-06-02 11:59:51  [ main:2846 ] - [ ERROR ]  [Stellar] syntaxException at Planet ::= <Saturn,wxw,Red,2378,1.49e6,2.33e5,CCW,39.21> ,this planet is not Solid or Liquid or Gas
2019-06-02 11:59:51  [ main:2847 ] - [ ERROR ]  [Stellar] Syntax Exception at Planet ::ewjfuyuew= <Mars,Solid,Red,637.137,9.99e10, 1000.93,CCW,110>
2019-06-02 11:59:51  [ main:2849 ] - [ ERROR ]  [Stellar] Syntax Exception at Planet ::===================== <Uranus,Gas,    Blue,637.137,1.49e11,1e5,CW,359>
2019-06-02 11:59:51  [ main:2852 ] - [ ERROR ]  [Stellar] parameter exception at steller,excepted 3 parameter3,but is 4 parameters
2019-06-02 11:59:51  [ main:2853 ] - [ ERROR ]  [Stellar] Syntax Ecception at Stellar
2019-06-02 11:59:51  [ main:2854 ] - [ ERROR ]  [Stellar] parameter exception at Planet ::= <Earth,Solid,Blue,6378.137, 1.49e8,29.783,CW,0,1,1,7,0,5,0,0,7,0,4>, except 8 parameters,but is 18 parameters
2019-06-02 11:59:51  [ main:2856 ] - [ ERROR ]  [Stellar] Earth  this planet occurs twice!!!
2019-06-02 11:59:51  [ main:2857 ] - [ ERROR ]  [Stellar] Syntax Exception at Planet ::= <Earth,Solid,Blue,6378.137, 1.49e8,29.783,CW,-123>
2019-06-02 11:59:51  [ main:2859 ] - [ ERROR ]  [Stellar] wrong angle at Planet ::= <Mercury,Solid,Dark,1378.137,1.49e7,               69,CW,2770.736>
2019-06-02 11:59:51  [ main:2865 ] - [ ERROR ]  [Stellar] wrong angle at Planet ::= <Saturn,Liquid,Red,2378,1.49e6,2.33e5,CCW,487784.48>
2019-06-02 12:18:09  [ main:0 ] - [ ERROR ]  [SocialNetwork] syntax exception at CentralUser ::= <TommyWong,30,M
2019-06-02 12:18:09  [ main:7 ] - [ ERROR ]  [SocialNetwork] syntax exception at SocialTie :"""web:= <FrankLee, DavidChen, 0.02>
2019-06-02 12:18:09  [ main:9 ] - [ ERROR ]  [SocialNetwork] syntax exception at Friend ::===== <LisaWong, 25, F>
2019-06-02 12:18:09  [ main:11 ] - [ ERROR ]  [SocialNetwork] wrong parameter number at CentralUser ::= <TommyWong,30,M,wxw> ,exception 3 parameters,but is 4 prameters
2019-06-02 12:18:09  [ main:13 ] - [ ERROR ]  [SocialNetwork] SocialTie ::= <TommyWong, LisaWong, 1.98> this relation's intimacy is out of range
2019-06-02 12:18:09  [ main:13 ] - [ ERROR ]  [SocialNetwork] syntax exception at SocialTie ::= <TommyWong, TomWong, -0.2>
2019-06-02 12:18:09  [ main:13 ] - [ ERROR ]  [SocialNetwork] SocialTie ::= <TomWong, FrankLee, 5.71> this relation's intimacy is out of range
2019-06-02 12:18:09  [ main:15 ] - [ ERROR ]  [SocialNetwork] SocialTie ::= <TommyWong, TommyWong, 0.98> this relation haves two same people
2019-06-02 12:18:09  [ main:21 ] - [ ERROR ]  [Electron] syntax exception at ElementName :::::::= Rb
2019-06-02 12:18:09  [ main:22 ] - [ ERROR ]  [Electron] syntax exception at NumberOfTracks :   := 5
2019-06-02 12:18:09  [ main:23 ] - [ ERROR ]  [Electron] syntax exception at NumberOfElectron ::is 1/2;2/8;3/18;4/8;5/1
2019-06-02 12:18:09  [ main:24 ] - [ ERROR ]  [Electron] incorrect dependency exception at NumberOfElectron ::= 1/2;2/8;3/18;4/8;5/1;6/122 ,expected 5 parameters,but is 6 parameters
2019-06-02 12:18:12  [ main:3008 ] - [ ERROR ]  [Stellar] Syntax Ecception at Stellar
2019-06-02 12:18:12  [ main:3008 ] - [ ERROR ]  [Stellar] Planet ::= <Earth,Solid,Blue,6378784137, 1943684325346526424234235,293366366783,CW,0> :6378784137 is bigger than 10000 but don't use Scientific counting
2019-06-02 12:18:12  [ main:3009 ] - [ ERROR ]  [Stellar] Planet ::= <Earth,Solid,Blue,6378784137, 1943684325346526424234235,293366366783,CW,0> : 1943684325346526424234235 is bigger than 10000 but don't use Scientific counting
2019-06-02 12:18:12  [ main:3009 ] - [ ERROR ]  [Stellar] Planet ::= <Earth,Solid,Blue,6378784137, 1943684325346526424234235,293366366783,CW,0> :293366366783 is bigger than 10000 but don't use Scientific counting
2019-06-02 12:18:12  [ main:3010 ] - [ ERROR ]  [Stellar] syntaxException at Planet ::= <Saturn,wxw,Red,2378,1.49e6,2.33e5,CCW,39.21> ,this planet is not Solid or Liquid or Gas
2019-06-02 12:18:12  [ main:3011 ] - [ ERROR ]  [Stellar] Syntax Exception at Planet ::ewjfuyuew= <Mars,Solid,Red,637.137,9.99e10, 1000.93,CCW,110>
2019-06-02 12:18:12  [ main:3011 ] - [ ERROR ]  [Stellar] Syntax Exception at Planet ::===================== <Uranus,Gas,    Blue,637.137,1.49e11,1e5,CW,359>
2019-06-02 12:18:12  [ main:3013 ] - [ ERROR ]  [Stellar] parameter exception at steller,excepted 3 parameter3,but is 4 parameters
2019-06-02 12:18:12  [ main:3016 ] - [ ERROR ]  [Stellar] Syntax Ecception at Stellar
2019-06-02 12:18:12  [ main:3016 ] - [ ERROR ]  [Stellar] parameter exception at Planet ::= <Earth,Solid,Blue,6378.137, 1.49e8,29.783,CW,0,1,1,7,0,5,0,0,7,0,4>, except 8 parameters,but is 18 parameters
2019-06-02 12:18:12  [ main:3019 ] - [ ERROR ]  [Stellar] Earth  this planet occurs twice!!!
2019-06-02 12:18:12  [ main:3020 ] - [ ERROR ]  [Stellar] Syntax Exception at Planet ::= <Earth,Solid,Blue,6378.137, 1.49e8,29.783,CW,-123>
2019-06-02 12:18:12  [ main:3020 ] - [ ERROR ]  [Stellar] wrong angle at Planet ::= <Mercury,Solid,Dark,1378.137,1.49e7,               69,CW,2770.736>
2019-06-02 12:18:12  [ main:3021 ] - [ ERROR ]  [Stellar] wrong angle at Planet ::= <Saturn,Liquid,Red,2378,1.49e6,2.33e5,CCW,487784.48>
2019-06-02 13:55:21  [ main:0 ] - [ ERROR ]  [SocialNetwork] syntax exception at CentralUser ::= <TommyWong,30,M
2019-06-02 13:55:21  [ main:7 ] - [ ERROR ]  [SocialNetwork] syntax exception at SocialTie :"""web:= <FrankLee, DavidChen, 0.02>
2019-06-02 13:55:21  [ main:7 ] - [ ERROR ]  [SocialNetwork] syntax exception at Friend ::===== <LisaWong, 25, F>
2019-06-02 13:55:21  [ main:11 ] - [ ERROR ]  [SocialNetwork] wrong parameter number at CentralUser ::= <TommyWong,30,M,wxw> ,exception 3 parameters,but is 4 prameters
2019-06-02 13:55:21  [ main:12 ] - [ ERROR ]  [SocialNetwork] SocialTie ::= <TommyWong, LisaWong, 1.98> this relation's intimacy is out of range
2019-06-02 13:55:21  [ main:12 ] - [ ERROR ]  [SocialNetwork] syntax exception at SocialTie ::= <TommyWong, TomWong, -0.2>
2019-06-02 13:55:21  [ main:13 ] - [ ERROR ]  [SocialNetwork] SocialTie ::= <TomWong, FrankLee, 5.71> this relation's intimacy is out of range
2019-06-02 13:55:21  [ main:14 ] - [ ERROR ]  [SocialNetwork] SocialTie ::= <TommyWong, TommyWong, 0.98> this relation haves two same people
2019-06-02 13:55:21  [ main:18 ] - [ ERROR ]  [Electron] syntax exception at ElementName :::::::= Rb
2019-06-02 13:55:21  [ main:18 ] - [ ERROR ]  [Electron] syntax exception at NumberOfTracks :   := 5
2019-06-02 13:55:21  [ main:19 ] - [ ERROR ]  [Electron] syntax exception at NumberOfElectron ::is 1/2;2/8;3/18;4/8;5/1
2019-06-02 13:55:21  [ main:20 ] - [ ERROR ]  [Electron] incorrect dependency exception at NumberOfElectron ::= 1/2;2/8;3/18;4/8;5/1;6/122 ,expected 5 parameters,but is 6 parameters
2019-06-02 13:55:24  [ main:3270 ] - [ ERROR ]  [Stellar] Syntax Ecception at Stellar
2019-06-02 13:55:24  [ main:3270 ] - [ ERROR ]  [Stellar] Planet ::= <Earth,Solid,Blue,6378784137, 1943684325346526424234235,293366366783,CW,0> :6378784137 is bigger than 10000 but don't use Scientific counting
2019-06-02 13:55:24  [ main:3271 ] - [ ERROR ]  [Stellar] Planet ::= <Earth,Solid,Blue,6378784137, 1943684325346526424234235,293366366783,CW,0> : 1943684325346526424234235 is bigger than 10000 but don't use Scientific counting
2019-06-02 13:55:24  [ main:3271 ] - [ ERROR ]  [Stellar] Planet ::= <Earth,Solid,Blue,6378784137, 1943684325346526424234235,293366366783,CW,0> :293366366783 is bigger than 10000 but don't use Scientific counting
2019-06-02 13:55:24  [ main:3273 ] - [ ERROR ]  [Stellar] syntaxException at Planet ::= <Saturn,wxw,Red,2378,1.49e6,2.33e5,CCW,39.21> ,this planet is not Solid or Liquid or Gas
2019-06-02 13:55:24  [ main:3273 ] - [ ERROR ]  [Stellar] Syntax Exception at Planet ::ewjfuyuew= <Mars,Solid,Red,637.137,9.99e10, 1000.93,CCW,110>
2019-06-02 13:55:24  [ main:3273 ] - [ ERROR ]  [Stellar] Syntax Exception at Planet ::===================== <Uranus,Gas,    Blue,637.137,1.49e11,1e5,CW,359>
2019-06-02 13:55:24  [ main:3274 ] - [ ERROR ]  [Stellar] parameter exception at steller,excepted 3 parameter3,but is 4 parameters
2019-06-02 13:55:24  [ main:3275 ] - [ ERROR ]  [Stellar] Syntax Ecception at Stellar
2019-06-02 13:55:24  [ main:3275 ] - [ ERROR ]  [Stellar] parameter exception at Planet ::= <Earth,Solid,Blue,6378.137, 1.49e8,29.783,CW,0,1,1,7,0,5,0,0,7,0,4>, except 8 parameters,but is 18 parameters
2019-06-02 13:55:24  [ main:3276 ] - [ ERROR ]  [Stellar] Earth  this planet occurs twice!!!
2019-06-02 13:55:24  [ main:3278 ] - [ ERROR ]  [Stellar] Syntax Exception at Planet ::= <Earth,Solid,Blue,6378.137, 1.49e8,29.783,CW,-123>
2019-06-02 13:55:24  [ main:3279 ] - [ ERROR ]  [Stellar] wrong angle at Planet ::= <Mercury,Solid,Dark,1378.137,1.49e7,               69,CW,2770.736>
2019-06-02 13:55:24  [ main:3280 ] - [ ERROR ]  [Stellar] wrong angle at Planet ::= <Saturn,Liquid,Red,2378,1.49e6,2.33e5,CCW,487784.48>
