2019-06-02 11:09:22  [ main:0 ] - [ INFO ]  [Stellar] constract a StellarSystem from src/TXT/StellarSystem.txt
2019-06-02 11:09:22  [ main:33 ] - [ INFO ]  [Stellar] caculate the distance of Neptune and Saturn
2019-06-02 11:14:39  [ main:0 ] - [ INFO ]  [Stellar] constract a StellarSystem from src/TXT/StellarSystem.txt
2019-06-02 11:14:39  [ main:12 ] - [ INFO ]  [Stellar] caculate the distance of Neptune and Saturn
2019-06-02 11:59:48  [ main:0 ] - [ ERROR ]  [SocialNetwork] syntax exception at CentralUser ::= <TommyWong,30,M
2019-06-02 11:59:48  [ main:5 ] - [ ERROR ]  [SocialNetwork] syntax exception at SocialTie :"""web:= <FrankLee, DavidChen, 0.02>
2019-06-02 11:59:48  [ main:6 ] - [ ERROR ]  [SocialNetwork] syntax exception at Friend ::===== <LisaWong, 25, F>
2019-06-02 11:59:48  [ main:8 ] - [ ERROR ]  [SocialNetwork] wrong parameter number at CentralUser ::= <TommyWong,30,M,wxw> ,exception 3 parameters,but is 4 prameters
2019-06-02 11:59:48  [ main:9 ] - [ ERROR ]  [SocialNetwork] SocialTie ::= <TommyWong, LisaWong, 1.98> this relation's intimacy is out of range
2019-06-02 11:59:48  [ main:10 ] - [ ERROR ]  [SocialNetwork] syntax exception at SocialTie ::= <TommyWong, TomWong, -0.2>
2019-06-02 11:59:48  [ main:11 ] - [ ERROR ]  [SocialNetwork] SocialTie ::= <TomWong, FrankLee, 5.71> this relation's intimacy is out of range
2019-06-02 11:59:48  [ main:13 ] - [ ERROR ]  [SocialNetwork] SocialTie ::= <TommyWong, TommyWong, 0.98> this relation haves two same people
2019-06-02 11:59:48  [ main:18 ] - [ ERROR ]  [Electron] syntax exception at ElementName :::::::= Rb
2019-06-02 11:59:48  [ main:19 ] - [ ERROR ]  [Electron] syntax exception at NumberOfTracks :   := 5
2019-06-02 11:59:48  [ main:20 ] - [ ERROR ]  [Electron] syntax exception at NumberOfElectron ::is 1/2;2/8;3/18;4/8;5/1
2019-06-02 11:59:48  [ main:24 ] - [ ERROR ]  [Electron] incorrect dependency exception at NumberOfElectron ::= 1/2;2/8;3/18;4/8;5/1;6/122 ,expected 5 parameters,but is 6 parameters
2019-06-02 11:59:48  [ main:43 ] - [ INFO ]  [Stellar] constract a StellarSystem from src/TXT/StellarSystem.txt
2019-06-02 11:59:48  [ main:53 ] - [ INFO ]  [Stellar] constract a StellarSystem from src/TXT/StellarSystem.txt
2019-06-02 11:59:48  [ main:58 ] - [ INFO ]  [Stellar] constract a StellarSystem from src/TXT/StellarSystem.txt
2019-06-02 11:59:48  [ main:61 ] - [ INFO ]  [SocialNetwork]constract network from src/TXT/SocialNetworkCircle.txt
2019-06-02 11:59:48  [ main:73 ] - [ INFO ]  [SocialNetwork]constract network from src/TXT/SocialNetworkCircle.txt
2019-06-02 11:59:48  [ main:76 ] - [ INFO ]  [Stellar] constract a StellarSystem from src/TXT/StellarSystem.txt
2019-06-02 11:59:48  [ main:82 ] - [ INFO ]  [Electron] constract a nuclues system from src/TXT/AtomicStructure.txt
2019-06-02 11:59:48  [ main:84 ] - [ INFO ]  [SocialNetwork]constract network from src/TXT/SocialNetworkCircle.txt
2019-06-02 11:59:48  [ main:87 ] - [ INFO ]  [SocialNetwork] caculate the spread of a friend in social system
2019-06-02 11:59:48  [ main:88 ] - [ INFO ]  [SocialNetwork] caculate the spread of a friend in social system
2019-06-02 11:59:48  [ main:89 ] - [ INFO ]  [SocialNetwork]constract network from src/TXT/SocialNetworkCircle.txt
2019-06-02 11:59:48  [ main:91 ] - [ INFO ]  [SocialNetwork] add a relation between two friends in social system
2019-06-02 11:59:48  [ main:91 ] - [ INFO ]  [SocialNetwork] delete a relation between two friends in social system
2019-06-02 11:59:48  [ main:92 ] - [ INFO ]  [SocialNetwork]constract network from src/TXT/SocialNetworkCircle.txt
2019-06-02 11:59:48  [ main:94 ] - [ INFO ]  [SocialNetwork] caculate the logical distance between two friends in social system
2019-06-02 11:59:48  [ main:95 ] - [ INFO ]  [SocialNetwork] caculate the logical distance between two friends in social system
2019-06-02 11:59:48  [ main:96 ] - [ INFO ]  [SocialNetwork] caculate the logical distance between two friends in social system
2019-06-02 11:59:48  [ main:98 ] - [ INFO ]  [SocialNetwork]constract network from src/TXT/SocialNetworkCircle.txt
2019-06-02 11:59:48  [ main:100 ] - [ INFO ]  [SocialNetwork]constract network from src/TXT/SocialNetworkCircle.txt
2019-06-02 11:59:48  [ main:102 ] - [ INFO ]  [SocialNetwork]constract network from src/TXT/SocialNetworkCircle.txt
2019-06-02 11:59:48  [ main:107 ] - [ INFO ]  [SocialNetwork] delete a relation between two friends in social system
2019-06-02 11:59:48  [ main:107 ] - [ INFO ]  [SocialNetwork] add a relation between two friends in social system
2019-06-02 11:59:48  [ main:109 ] - [ INFO ]  [Stellar] constract a StellarSystem from src/TXT/StellarSystem.txt
2019-06-02 11:59:48  [ main:113 ] - [ INFO ]  [Stellar] caculate angle of Neptune at time 50000000
2019-06-02 11:59:48  [ main:118 ] - [ INFO ]  [Stellar] caculate angle of Saturn at time 50000000
2019-06-02 11:59:48  [ main:118 ] - [ INFO ]  [Stellar] caculate angle of Mercury at time 50000000
2019-06-02 11:59:48  [ main:119 ] - [ INFO ]  [Stellar] caculate angle of Earth at time 50000000
2019-06-02 11:59:48  [ main:119 ] - [ INFO ]  [Stellar] caculate angle of Jupiter at time 50000000
2019-06-02 11:59:48  [ main:120 ] - [ INFO ]  [Stellar] caculate angle of Mars at time 50000000
2019-06-02 11:59:48  [ main:124 ] - [ INFO ]  [Stellar] constract a StellarSystem from src/TXT/StellarSystem.txt
2019-06-02 11:59:48  [ main:124 ] - [ INFO ]  [Stellar] add a planet at a track
2019-06-02 11:59:48  [ main:127 ] - [ INFO ]  [Stellar] constract a StellarSystem from src/TXT/StellarSystem.txt
2019-06-02 11:59:48  [ main:128 ] - [ INFO ]  [Stellar] delete a planet track
2019-06-02 11:59:48  [ main:130 ] - [ INFO ]  [Stellar] constract a StellarSystem from src/TXT/StellarSystem.txt
2019-06-02 11:59:48  [ main:131 ] - [ INFO ]  [Stellar] caculate the distance of w and w
2019-06-02 11:59:48  [ main:139 ] - [ INFO ]  [Stellar] add a new Steller
2019-06-02 11:59:48  [ main:140 ] - [ INFO ]  [Stellar] constract a StellarSystem from src/TXT/StellarSystem.txt
2019-06-02 11:59:48  [ main:147 ] - [ INFO ]  [Stellar] add a relation between Sun toNeptune
2019-06-02 11:59:48  [ main:148 ] - [ INFO ]  [SocialNetwork]constract network from src/TXT/SocialNetworkCircle.txt
2019-06-02 11:59:48  [ main:264 ] - [ INFO ]  [SocialNetwork]constract network from src/TXT/SocialNetworkCircle_Medium.txt
2019-06-02 11:59:50  [ main:1590 ] - [ INFO ]  [SocialNetwork]constract network from src/TXT/SocialNetworkCircle.txt
2019-06-02 11:59:50  [ main:1619 ] - [ INFO ]  [SocialNetwork]constract network from src/TXT/SocialNetworkCircle_Medium.txt
2019-06-02 11:59:51  [ main:2702 ] - [ INFO ]  [SocialNetwork]constract network from src/TXT/SocialNetworkCircle.txt
2019-06-02 11:59:51  [ main:2704 ] - [ INFO ]  [SocialNetwork] caculate the logical distance between two friends in social system
2019-06-02 11:59:51  [ main:2704 ] - [ INFO ]  [SocialNetwork] caculate the logical distance between two friends in social system
2019-06-02 11:59:51  [ main:2704 ] - [ INFO ]  [SocialNetwork] caculate the logical distance between two friends in social system
2019-06-02 11:59:51  [ main:2705 ] - [ INFO ]  [Stellar] constract a StellarSystem from src/TXT/StellarSystem.txt
2019-06-02 11:59:51  [ main:2731 ] - [ INFO ]  [Stellar] constract a StellarSystem from src/TXT/StellarSystem_Medium.txt
2019-06-02 11:59:51  [ main:2758 ] - [ INFO ]  [Stellar] constract a StellarSystem from src/TXT/StellarSystem.txt
2019-06-02 11:59:51  [ main:2768 ] - [ INFO ]  [Stellar] constract a StellarSystem from src/TXT/StellarSystem_Medium.txt
2019-06-02 11:59:51  [ main:2781 ] - [ INFO ]  [Stellar] constract a StellarSystem from src/TXT/StellarSystem.txt
2019-06-02 11:59:51  [ main:2782 ] - [ INFO ]  [Stellar] caculate the distance of Neptune and Saturn
2019-06-02 11:59:51  [ main:2787 ] - [ INFO ]  [Stellar] caculate the distance of Neptune and Mercury
2019-06-02 11:59:51  [ main:2790 ] - [ INFO ]  [Stellar] caculate the distance of Mercury and Saturn
2019-06-02 11:59:51  [ main:2794 ] - [ INFO ]  [Electron] constract a nuclues system from src/TXT/AtomicStructure.txt
2019-06-02 11:59:51  [ main:2796 ] - [ INFO ]  [Electron] constract a nuclues system from src/TXT/AtomicStructure.txt
2019-06-02 11:59:51  [ main:2798 ] - [ INFO ]  [Electron] constract a nuclues system from src/TXT/AtomicStructure.txt
2019-06-02 11:59:51  [ main:2801 ] - [ INFO ]  [Electron] constract a nuclues system from src/TXT/AtomicStructure_Medium.txt
2019-06-02 11:59:51  [ main:2803 ] - [ INFO ]  [Electron] constract a nuclues system from src/TXT/AtomicStructure.txt
2019-06-02 11:59:51  [ main:2805 ] - [ INFO ]  [Electron] constract a nuclues system from src/TXT/AtomicStructure_Medium.txt
2019-06-02 11:59:51  [ main:2810 ] - [ INFO ]  [Electron] constract a nuclues system from src/TXT/AtomicStructure.txt
2019-06-02 11:59:51  [ main:2811 ] - [ INFO ]  [Electron] add a relation between two electrons
2019-06-02 11:59:51  [ main:2812 ] - [ INFO ]  [Electron] add a relation between two electrons
2019-06-02 11:59:51  [ main:2813 ] - [ INFO ]  [Electron] constract a nuclues system from src/TXT/AtomicStructure.txt
2019-06-02 11:59:51  [ main:2814 ] - [ INFO ]  [Electron] add a electron on a track
2019-06-02 11:59:51  [ main:2815 ] - [ INFO ]  [Electron] constract a nuclues system from src/TXT/AtomicStructure.txt
2019-06-02 11:59:51  [ main:2816 ] - [ INFO ]  [Electron] add a relation between two electrons
2019-06-02 11:59:51  [ main:2817 ] - [ INFO ]  [Electron] constract a nuclues system from src/TXT/AtomicStructure.txt
2019-06-02 11:59:51  [ main:2817 ] - [ INFO ]  [Electron] a electron transmits to another track in nuclues system
2019-06-02 11:59:51  [ main:2818 ] - [ INFO ]  [Electron] constract a nuclues system from src/TXT/AtomicStructure.txt
2019-06-02 11:59:51  [ main:2818 ] - [ INFO ]  [Electron] remove a track in nuclues system
2019-06-02 11:59:51  [ main:2819 ] - [ INFO ]  [Electron] constract a nuclues system from src/TXT/AtomicStructure.txt
2019-06-02 11:59:51  [ main:2827 ] - [ INFO ]  [Electron] a electron transmits to another track in nuclues system
2019-06-02 11:59:51  [ main:2828 ] - [ INFO ]  [Electron] Return to the previous state
2019-06-02 11:59:51  [ main:2831 ] - [ INFO ]  [Electron] constract a nuclues system from src/TXT/AtomicStructure.txt
2019-06-02 11:59:51  [ main:2831 ] - [ INFO ]  [Electron] add a new track in nuclues system
2019-06-02 11:59:51  [ main:2833 ] - [ INFO ]  [Electron] constract a nuclues system from src/TXT/AtomicStructure.txt
2019-06-02 11:59:51  [ main:2834 ] - [ INFO ]  [Electron] add a nuclues in nuclues system
2019-06-02 11:59:51  [ main:2836 ] - [ INFO ]  [Electron] constract a nuclues system from src/TXT/AtomicStructure.txt
2019-06-02 11:59:51  [ main:2837 ] - [ INFO ]  [Electron] add a relation between a electron and a nuclues
2019-06-02 11:59:51  [ main:2839 ] - [ ERROR ]  [Stellar] Syntax Ecception at Stellar
2019-06-02 11:59:51  [ main:2843 ] - [ ERROR ]  [Stellar] Planet ::= <Earth,Solid,Blue,6378784137, 1943684325346526424234235,293366366783,CW,0> :6378784137 is bigger than 10000 but don't use Scientific counting
2019-06-02 11:59:51  [ main:2844 ] - [ ERROR ]  [Stellar] Planet ::= <Earth,Solid,Blue,6378784137, 1943684325346526424234235,293366366783,CW,0> : 1943684325346526424234235 is bigger than 10000 but don't use Scientific counting
2019-06-02 11:59:51  [ main:2845 ] - [ ERROR ]  [Stellar] Planet ::= <Earth,Solid,Blue,6378784137, 1943684325346526424234235,293366366783,CW,0> :293366366783 is bigger than 10000 but don't use Scientific counting
2019-06-02 11:59:51  [ main:2846 ] - [ ERROR ]  [Stellar] syntaxException at Planet ::= <Saturn,wxw,Red,2378,1.49e6,2.33e5,CCW,39.21> ,this planet is not Solid or Liquid or Gas
2019-06-02 11:59:51  [ main:2847 ] - [ ERROR ]  [Stellar] Syntax Exception at Planet ::ewjfuyuew= <Mars,Solid,Red,637.137,9.99e10, 1000.93,CCW,110>
2019-06-02 11:59:51  [ main:2849 ] - [ ERROR ]  [Stellar] Syntax Exception at Planet ::===================== <Uranus,Gas,    Blue,637.137,1.49e11,1e5,CW,359>
2019-06-02 11:59:51  [ main:2852 ] - [ ERROR ]  [Stellar] parameter exception at steller,excepted 3 parameter3,but is 4 parameters
2019-06-02 11:59:51  [ main:2853 ] - [ ERROR ]  [Stellar] Syntax Ecception at Stellar
2019-06-02 11:59:51  [ main:2854 ] - [ ERROR ]  [Stellar] parameter exception at Planet ::= <Earth,Solid,Blue,6378.137, 1.49e8,29.783,CW,0,1,1,7,0,5,0,0,7,0,4>, except 8 parameters,but is 18 parameters
2019-06-02 11:59:51  [ main:2856 ] - [ ERROR ]  [Stellar] Earth  this planet occurs twice!!!
2019-06-02 11:59:51  [ main:2857 ] - [ ERROR ]  [Stellar] Syntax Exception at Planet ::= <Earth,Solid,Blue,6378.137, 1.49e8,29.783,CW,-123>
2019-06-02 11:59:51  [ main:2859 ] - [ ERROR ]  [Stellar] wrong angle at Planet ::= <Mercury,Solid,Dark,1378.137,1.49e7,               69,CW,2770.736>
2019-06-02 11:59:51  [ main:2865 ] - [ ERROR ]  [Stellar] wrong angle at Planet ::= <Saturn,Liquid,Red,2378,1.49e6,2.33e5,CCW,487784.48>
2019-06-02 12:16:06  [ main:0 ] - [ INFO ]  [Electron] constract a nuclues system from src/TXT/AtomicStructure.txt
2019-06-02 12:16:06  [ main:6 ] - [ INFO ]  [Electron] constract a nuclues system from src/TXT/AtomicStructure_Medium.txt
2019-06-02 12:16:06  [ main:9 ] - [ INFO ]  [Electron] constract a nuclues system from src/TXT/AtomicStructure.txt
2019-06-02 12:16:06  [ main:9 ] - [ INFO ]  [Electron] constract a nuclues system from src/TXT/AtomicStructure_Medium.txt
2019-06-02 12:16:06  [ main:10 ] - [ INFO ]  [Electron] constract a nuclues system from src/TXT/AtomicStructure.txt
2019-06-02 12:16:06  [ main:12 ] - [ INFO ]  [Electron] add a relation between two electrons
2019-06-02 12:16:06  [ main:14 ] - [ INFO ]  [Electron] add a relation between two electrons
2019-06-02 12:16:20  [ main:0 ] - [ INFO ]  [Electron] constract a nuclues system from src/TXT/AtomicStructure.txt
2019-06-02 12:17:09  [ main:0 ] - [ INFO ]  [Electron] constract a nuclues system from src/TXT/AtomicStructure.txt
2019-06-02 12:17:09  [ main:14 ] - [ INFO ]  [Electron] constract a nuclues system from src/TXT/AtomicStructure.txt
2019-06-02 12:17:09  [ main:15 ] - [ INFO ]  [Electron] add a relation between two electrons
2019-06-02 12:17:09  [ main:16 ] - [ INFO ]  [Electron] constract a nuclues system from src/TXT/AtomicStructure.txt
2019-06-02 12:17:09  [ main:17 ] - [ INFO ]  [Electron] a electron transmits to another track in nuclues system
2019-06-02 12:17:09  [ main:18 ] - [ INFO ]  [Electron] constract a nuclues system from src/TXT/AtomicStructure.txt
2019-06-02 12:17:09  [ main:19 ] - [ INFO ]  [Electron] remove a track in nuclues system
2019-06-02 12:17:09  [ main:20 ] - [ INFO ]  [Electron] constract a nuclues system from src/TXT/AtomicStructure.txt
2019-06-02 12:17:09  [ main:22 ] - [ INFO ]  [Electron] a electron transmits to another track in nuclues system
2019-06-02 12:17:09  [ main:22 ] - [ INFO ]  [Electron] Return to the previous state
2019-06-02 12:17:09  [ main:23 ] - [ INFO ]  [Electron] constract a nuclues system from src/TXT/AtomicStructure.txt
2019-06-02 12:17:09  [ main:24 ] - [ INFO ]  [Electron] add a new track in nuclues system
2019-06-02 12:17:09  [ main:26 ] - [ INFO ]  [Electron] constract a nuclues system from src/TXT/AtomicStructure.txt
2019-06-02 12:17:09  [ main:26 ] - [ INFO ]  [Electron] add a nuclues in nuclues system
2019-06-02 12:17:09  [ main:27 ] - [ INFO ]  [Electron] constract a nuclues system from src/TXT/AtomicStructure.txt
2019-06-02 12:17:09  [ main:28 ] - [ INFO ]  [Electron] add a relation between a electron and a nuclues
2019-06-02 12:18:02  [ main:0 ] - [ INFO ]  [Electron] constract a nuclues system from src/TXT/AtomicStructure.txt
2019-06-02 12:18:02  [ main:4 ] - [ INFO ]  [Electron] add a electron on a track
2019-06-02 12:18:02  [ main:5 ] - [ INFO ]  [Electron] constract a nuclues system from src/TXT/AtomicStructure.txt
2019-06-02 12:18:02  [ main:7 ] - [ INFO ]  [Electron] add a relation between two electrons
2019-06-02 12:18:02  [ main:7 ] - [ INFO ]  [Electron] constract a nuclues system from src/TXT/AtomicStructure.txt
2019-06-02 12:18:02  [ main:8 ] - [ INFO ]  [Electron] a electron transmits to another track in nuclues system
2019-06-02 12:18:02  [ main:9 ] - [ INFO ]  [Electron] constract a nuclues system from src/TXT/AtomicStructure.txt
2019-06-02 12:18:02  [ main:10 ] - [ INFO ]  [Electron] remove a track in nuclues system
2019-06-02 12:18:02  [ main:11 ] - [ INFO ]  [Electron] constract a nuclues system from src/TXT/AtomicStructure.txt
2019-06-02 12:18:02  [ main:12 ] - [ INFO ]  [Electron] a electron transmits to another track in nuclues system
2019-06-02 12:18:02  [ main:12 ] - [ INFO ]  [Electron] Return to the previous state
2019-06-02 12:18:02  [ main:13 ] - [ INFO ]  [Electron] constract a nuclues system from src/TXT/AtomicStructure.txt
2019-06-02 12:18:02  [ main:14 ] - [ INFO ]  [Electron] add a new track in nuclues system
2019-06-02 12:18:02  [ main:14 ] - [ INFO ]  [Electron] constract a nuclues system from src/TXT/AtomicStructure.txt
2019-06-02 12:18:02  [ main:14 ] - [ INFO ]  [Electron] add a nuclues in nuclues system
2019-06-02 12:18:02  [ main:15 ] - [ INFO ]  [Electron] constract a nuclues system from src/TXT/AtomicStructure.txt
2019-06-02 12:18:02  [ main:17 ] - [ INFO ]  [Electron] add a relation between a electron and a nuclues
2019-06-02 12:18:09  [ main:0 ] - [ ERROR ]  [SocialNetwork] syntax exception at CentralUser ::= <TommyWong,30,M
2019-06-02 12:18:09  [ main:7 ] - [ ERROR ]  [SocialNetwork] syntax exception at SocialTie :"""web:= <FrankLee, DavidChen, 0.02>
2019-06-02 12:18:09  [ main:9 ] - [ ERROR ]  [SocialNetwork] syntax exception at Friend ::===== <LisaWong, 25, F>
2019-06-02 12:18:09  [ main:11 ] - [ ERROR ]  [SocialNetwork] wrong parameter number at CentralUser ::= <TommyWong,30,M,wxw> ,exception 3 parameters,but is 4 prameters
2019-06-02 12:18:09  [ main:13 ] - [ ERROR ]  [SocialNetwork] SocialTie ::= <TommyWong, LisaWong, 1.98> this relation's intimacy is out of range
2019-06-02 12:18:09  [ main:13 ] - [ ERROR ]  [SocialNetwork] syntax exception at SocialTie ::= <TommyWong, TomWong, -0.2>
2019-06-02 12:18:09  [ main:13 ] - [ ERROR ]  [SocialNetwork] SocialTie ::= <TomWong, FrankLee, 5.71> this relation's intimacy is out of range
2019-06-02 12:18:09  [ main:15 ] - [ ERROR ]  [SocialNetwork] SocialTie ::= <TommyWong, TommyWong, 0.98> this relation haves two same people
2019-06-02 12:18:09  [ main:21 ] - [ ERROR ]  [Electron] syntax exception at ElementName :::::::= Rb
2019-06-02 12:18:09  [ main:22 ] - [ ERROR ]  [Electron] syntax exception at NumberOfTracks :   := 5
2019-06-02 12:18:09  [ main:23 ] - [ ERROR ]  [Electron] syntax exception at NumberOfElectron ::is 1/2;2/8;3/18;4/8;5/1
2019-06-02 12:18:09  [ main:24 ] - [ ERROR ]  [Electron] incorrect dependency exception at NumberOfElectron ::= 1/2;2/8;3/18;4/8;5/1;6/122 ,expected 5 parameters,but is 6 parameters
2019-06-02 12:18:09  [ main:33 ] - [ INFO ]  [Stellar] constract a StellarSystem from src/TXT/StellarSystem.txt
2019-06-02 12:18:09  [ main:43 ] - [ INFO ]  [Stellar] constract a StellarSystem from src/TXT/StellarSystem.txt
2019-06-02 12:18:09  [ main:47 ] - [ INFO ]  [Stellar] constract a StellarSystem from src/TXT/StellarSystem.txt
2019-06-02 12:18:09  [ main:53 ] - [ INFO ]  [SocialNetwork]constract network from src/TXT/SocialNetworkCircle.txt
2019-06-02 12:18:09  [ main:64 ] - [ INFO ]  [SocialNetwork]constract network from src/TXT/SocialNetworkCircle.txt
2019-06-02 12:18:09  [ main:70 ] - [ INFO ]  [Stellar] constract a StellarSystem from src/TXT/StellarSystem.txt
2019-06-02 12:18:09  [ main:73 ] - [ INFO ]  [Electron] constract a nuclues system from src/TXT/AtomicStructure.txt
2019-06-02 12:18:09  [ main:77 ] - [ INFO ]  [SocialNetwork]constract network from src/TXT/SocialNetworkCircle.txt
2019-06-02 12:18:09  [ main:79 ] - [ INFO ]  [SocialNetwork] caculate the spread of a friend in social system
2019-06-02 12:18:09  [ main:80 ] - [ INFO ]  [SocialNetwork] caculate the spread of a friend in social system
2019-06-02 12:18:09  [ main:81 ] - [ INFO ]  [SocialNetwork]constract network from src/TXT/SocialNetworkCircle.txt
2019-06-02 12:18:09  [ main:83 ] - [ INFO ]  [SocialNetwork] add a relation between two friends in social system
2019-06-02 12:18:09  [ main:83 ] - [ INFO ]  [SocialNetwork] delete a relation between two friends in social system
2019-06-02 12:18:09  [ main:86 ] - [ INFO ]  [SocialNetwork]constract network from src/TXT/SocialNetworkCircle.txt
2019-06-02 12:18:09  [ main:89 ] - [ INFO ]  [SocialNetwork] caculate the logical distance between two friends in social system
2019-06-02 12:18:09  [ main:90 ] - [ INFO ]  [SocialNetwork] caculate the logical distance between two friends in social system
2019-06-02 12:18:09  [ main:91 ] - [ INFO ]  [SocialNetwork] caculate the logical distance between two friends in social system
2019-06-02 12:18:09  [ main:93 ] - [ INFO ]  [SocialNetwork]constract network from src/TXT/SocialNetworkCircle.txt
2019-06-02 12:18:09  [ main:96 ] - [ INFO ]  [SocialNetwork]constract network from src/TXT/SocialNetworkCircle.txt
2019-06-02 12:18:09  [ main:99 ] - [ INFO ]  [SocialNetwork]constract network from src/TXT/SocialNetworkCircle.txt
2019-06-02 12:18:09  [ main:102 ] - [ INFO ]  [SocialNetwork] delete a relation between two friends in social system
2019-06-02 12:18:09  [ main:103 ] - [ INFO ]  [SocialNetwork] add a relation between two friends in social system
2019-06-02 12:18:09  [ main:104 ] - [ INFO ]  [Stellar] constract a StellarSystem from src/TXT/StellarSystem.txt
2019-06-02 12:18:09  [ main:105 ] - [ INFO ]  [Stellar] caculate angle of Neptune at time 50000000
2019-06-02 12:18:09  [ main:108 ] - [ INFO ]  [Stellar] caculate angle of Saturn at time 50000000
2019-06-02 12:18:09  [ main:109 ] - [ INFO ]  [Stellar] caculate angle of Mercury at time 50000000
2019-06-02 12:18:09  [ main:109 ] - [ INFO ]  [Stellar] caculate angle of Earth at time 50000000
2019-06-02 12:18:09  [ main:110 ] - [ INFO ]  [Stellar] caculate angle of Jupiter at time 50000000
2019-06-02 12:18:09  [ main:111 ] - [ INFO ]  [Stellar] caculate angle of Mars at time 50000000
2019-06-02 12:18:09  [ main:113 ] - [ INFO ]  [Stellar] constract a StellarSystem from src/TXT/StellarSystem.txt
2019-06-02 12:18:09  [ main:113 ] - [ INFO ]  [Stellar] add a planet at a track
2019-06-02 12:18:09  [ main:115 ] - [ INFO ]  [Stellar] constract a StellarSystem from src/TXT/StellarSystem.txt
2019-06-02 12:18:09  [ main:116 ] - [ INFO ]  [Stellar] delete a planet track
2019-06-02 12:18:09  [ main:118 ] - [ INFO ]  [Stellar] constract a StellarSystem from src/TXT/StellarSystem.txt
2019-06-02 12:18:09  [ main:119 ] - [ INFO ]  [Stellar] caculate the distance of w and w
2019-06-02 12:18:09  [ main:125 ] - [ INFO ]  [Stellar] add a new Steller
2019-06-02 12:18:09  [ main:127 ] - [ INFO ]  [Stellar] constract a StellarSystem from src/TXT/StellarSystem.txt
2019-06-02 12:18:09  [ main:132 ] - [ INFO ]  [Stellar] add a relation between Sun toNeptune
2019-06-02 12:18:09  [ main:135 ] - [ INFO ]  [SocialNetwork]constract network from src/TXT/SocialNetworkCircle.txt
2019-06-02 12:18:09  [ main:199 ] - [ INFO ]  [SocialNetwork]constract network from src/TXT/SocialNetworkCircle_Medium.txt
2019-06-02 12:18:11  [ main:1739 ] - [ INFO ]  [SocialNetwork]constract network from src/TXT/SocialNetworkCircle.txt
2019-06-02 12:18:11  [ main:1776 ] - [ INFO ]  [SocialNetwork]constract network from src/TXT/SocialNetworkCircle_Medium.txt
2019-06-02 12:18:12  [ main:2878 ] - [ INFO ]  [SocialNetwork]constract network from src/TXT/SocialNetworkCircle.txt
2019-06-02 12:18:12  [ main:2880 ] - [ INFO ]  [SocialNetwork] caculate the logical distance between two friends in social system
2019-06-02 12:18:12  [ main:2880 ] - [ INFO ]  [SocialNetwork] caculate the logical distance between two friends in social system
2019-06-02 12:18:12  [ main:2880 ] - [ INFO ]  [SocialNetwork] caculate the logical distance between two friends in social system
2019-06-02 12:18:12  [ main:2881 ] - [ INFO ]  [Stellar] constract a StellarSystem from src/TXT/StellarSystem.txt
2019-06-02 12:18:12  [ main:2904 ] - [ INFO ]  [Stellar] constract a StellarSystem from src/TXT/StellarSystem_Medium.txt
2019-06-02 12:18:12  [ main:2928 ] - [ INFO ]  [Stellar] constract a StellarSystem from src/TXT/StellarSystem.txt
2019-06-02 12:18:12  [ main:2938 ] - [ INFO ]  [Stellar] constract a StellarSystem from src/TXT/StellarSystem_Medium.txt
2019-06-02 12:18:12  [ main:2953 ] - [ INFO ]  [Stellar] constract a StellarSystem from src/TXT/StellarSystem.txt
2019-06-02 12:18:12  [ main:2954 ] - [ INFO ]  [Stellar] caculate the distance of Neptune and Saturn
2019-06-02 12:18:12  [ main:2957 ] - [ INFO ]  [Stellar] caculate the distance of Neptune and Mercury
2019-06-02 12:18:12  [ main:2968 ] - [ INFO ]  [Stellar] caculate the distance of Mercury and Saturn
2019-06-02 12:18:12  [ main:2978 ] - [ INFO ]  [Electron] constract a nuclues system from src/TXT/AtomicStructure.txt
2019-06-02 12:18:12  [ main:2980 ] - [ INFO ]  [Electron] constract a nuclues system from src/TXT/AtomicStructure.txt
2019-06-02 12:18:12  [ main:2984 ] - [ INFO ]  [Electron] constract a nuclues system from src/TXT/AtomicStructure.txt
2019-06-02 12:18:12  [ main:2984 ] - [ INFO ]  [Electron] constract a nuclues system from src/TXT/AtomicStructure_Medium.txt
2019-06-02 12:18:12  [ main:2986 ] - [ INFO ]  [Electron] constract a nuclues system from src/TXT/AtomicStructure.txt
2019-06-02 12:18:12  [ main:2987 ] - [ INFO ]  [Electron] constract a nuclues system from src/TXT/AtomicStructure_Medium.txt
2019-06-02 12:18:12  [ main:2988 ] - [ INFO ]  [Electron] constract a nuclues system from src/TXT/AtomicStructure.txt
2019-06-02 12:18:12  [ main:2990 ] - [ INFO ]  [Electron] add a relation between two electrons
2019-06-02 12:18:12  [ main:2992 ] - [ INFO ]  [Electron] add a relation between two electrons
2019-06-02 12:18:12  [ main:2992 ] - [ INFO ]  [Electron] constract a nuclues system from src/TXT/AtomicStructure.txt
2019-06-02 12:18:12  [ main:2993 ] - [ INFO ]  [Electron] add a electron on a track
2019-06-02 12:18:12  [ main:2995 ] - [ INFO ]  [Electron] constract a nuclues system from src/TXT/AtomicStructure.txt
2019-06-02 12:18:12  [ main:2995 ] - [ INFO ]  [Electron] add a relation between two electrons
2019-06-02 12:18:12  [ main:2995 ] - [ INFO ]  [Electron] constract a nuclues system from src/TXT/AtomicStructure.txt
2019-06-02 12:18:12  [ main:2996 ] - [ INFO ]  [Electron] a electron transmits to another track in nuclues system
2019-06-02 12:18:12  [ main:2997 ] - [ INFO ]  [Electron] constract a nuclues system from src/TXT/AtomicStructure.txt
2019-06-02 12:18:12  [ main:2997 ] - [ INFO ]  [Electron] remove a track in nuclues system
2019-06-02 12:18:12  [ main:2999 ] - [ INFO ]  [Electron] constract a nuclues system from src/TXT/AtomicStructure.txt
2019-06-02 12:18:12  [ main:3000 ] - [ INFO ]  [Electron] a electron transmits to another track in nuclues system
2019-06-02 12:18:12  [ main:3001 ] - [ INFO ]  [Electron] Return to the previous state
2019-06-02 12:18:12  [ main:3001 ] - [ INFO ]  [Electron] constract a nuclues system from src/TXT/AtomicStructure.txt
2019-06-02 12:18:12  [ main:3001 ] - [ INFO ]  [Electron] add a new track in nuclues system
2019-06-02 12:18:12  [ main:3005 ] - [ INFO ]  [Electron] constract a nuclues system from src/TXT/AtomicStructure.txt
2019-06-02 12:18:12  [ main:3005 ] - [ INFO ]  [Electron] add a nuclues in nuclues system
2019-06-02 12:18:12  [ main:3005 ] - [ INFO ]  [Electron] constract a nuclues system from src/TXT/AtomicStructure.txt
2019-06-02 12:18:12  [ main:3006 ] - [ INFO ]  [Electron] add a relation between a electron and a nuclues
2019-06-02 12:18:12  [ main:3008 ] - [ ERROR ]  [Stellar] Syntax Ecception at Stellar
2019-06-02 12:18:12  [ main:3008 ] - [ ERROR ]  [Stellar] Planet ::= <Earth,Solid,Blue,6378784137, 1943684325346526424234235,293366366783,CW,0> :6378784137 is bigger than 10000 but don't use Scientific counting
2019-06-02 12:18:12  [ main:3009 ] - [ ERROR ]  [Stellar] Planet ::= <Earth,Solid,Blue,6378784137, 1943684325346526424234235,293366366783,CW,0> : 1943684325346526424234235 is bigger than 10000 but don't use Scientific counting
2019-06-02 12:18:12  [ main:3009 ] - [ ERROR ]  [Stellar] Planet ::= <Earth,Solid,Blue,6378784137, 1943684325346526424234235,293366366783,CW,0> :293366366783 is bigger than 10000 but don't use Scientific counting
2019-06-02 12:18:12  [ main:3010 ] - [ ERROR ]  [Stellar] syntaxException at Planet ::= <Saturn,wxw,Red,2378,1.49e6,2.33e5,CCW,39.21> ,this planet is not Solid or Liquid or Gas
2019-06-02 12:18:12  [ main:3011 ] - [ ERROR ]  [Stellar] Syntax Exception at Planet ::ewjfuyuew= <Mars,Solid,Red,637.137,9.99e10, 1000.93,CCW,110>
2019-06-02 12:18:12  [ main:3011 ] - [ ERROR ]  [Stellar] Syntax Exception at Planet ::===================== <Uranus,Gas,    Blue,637.137,1.49e11,1e5,CW,359>
2019-06-02 12:18:12  [ main:3013 ] - [ ERROR ]  [Stellar] parameter exception at steller,excepted 3 parameter3,but is 4 parameters
2019-06-02 12:18:12  [ main:3016 ] - [ ERROR ]  [Stellar] Syntax Ecception at Stellar
2019-06-02 12:18:12  [ main:3016 ] - [ ERROR ]  [Stellar] parameter exception at Planet ::= <Earth,Solid,Blue,6378.137, 1.49e8,29.783,CW,0,1,1,7,0,5,0,0,7,0,4>, except 8 parameters,but is 18 parameters
2019-06-02 12:18:12  [ main:3019 ] - [ ERROR ]  [Stellar] Earth  this planet occurs twice!!!
2019-06-02 12:18:12  [ main:3020 ] - [ ERROR ]  [Stellar] Syntax Exception at Planet ::= <Earth,Solid,Blue,6378.137, 1.49e8,29.783,CW,-123>
2019-06-02 12:18:12  [ main:3020 ] - [ ERROR ]  [Stellar] wrong angle at Planet ::= <Mercury,Solid,Dark,1378.137,1.49e7,               69,CW,2770.736>
2019-06-02 12:18:12  [ main:3021 ] - [ ERROR ]  [Stellar] wrong angle at Planet ::= <Saturn,Liquid,Red,2378,1.49e6,2.33e5,CCW,487784.48>
2019-06-02 13:55:21  [ main:0 ] - [ ERROR ]  [SocialNetwork] syntax exception at CentralUser ::= <TommyWong,30,M
2019-06-02 13:55:21  [ main:7 ] - [ ERROR ]  [SocialNetwork] syntax exception at SocialTie :"""web:= <FrankLee, DavidChen, 0.02>
2019-06-02 13:55:21  [ main:7 ] - [ ERROR ]  [SocialNetwork] syntax exception at Friend ::===== <LisaWong, 25, F>
2019-06-02 13:55:21  [ main:11 ] - [ ERROR ]  [SocialNetwork] wrong parameter number at CentralUser ::= <TommyWong,30,M,wxw> ,exception 3 parameters,but is 4 prameters
2019-06-02 13:55:21  [ main:12 ] - [ ERROR ]  [SocialNetwork] SocialTie ::= <TommyWong, LisaWong, 1.98> this relation's intimacy is out of range
2019-06-02 13:55:21  [ main:12 ] - [ ERROR ]  [SocialNetwork] syntax exception at SocialTie ::= <TommyWong, TomWong, -0.2>
2019-06-02 13:55:21  [ main:13 ] - [ ERROR ]  [SocialNetwork] SocialTie ::= <TomWong, FrankLee, 5.71> this relation's intimacy is out of range
2019-06-02 13:55:21  [ main:14 ] - [ ERROR ]  [SocialNetwork] SocialTie ::= <TommyWong, TommyWong, 0.98> this relation haves two same people
2019-06-02 13:55:21  [ main:18 ] - [ ERROR ]  [Electron] syntax exception at ElementName :::::::= Rb
2019-06-02 13:55:21  [ main:18 ] - [ ERROR ]  [Electron] syntax exception at NumberOfTracks :   := 5
2019-06-02 13:55:21  [ main:19 ] - [ ERROR ]  [Electron] syntax exception at NumberOfElectron ::is 1/2;2/8;3/18;4/8;5/1
2019-06-02 13:55:21  [ main:20 ] - [ ERROR ]  [Electron] incorrect dependency exception at NumberOfElectron ::= 1/2;2/8;3/18;4/8;5/1;6/122 ,expected 5 parameters,but is 6 parameters
2019-06-02 13:55:21  [ main:34 ] - [ INFO ]  [Stellar] constract a StellarSystem from src/TXT/StellarSystem.txt
2019-06-02 13:55:21  [ main:43 ] - [ INFO ]  [Stellar] constract a StellarSystem from src/TXT/StellarSystem.txt
2019-06-02 13:55:21  [ main:47 ] - [ INFO ]  [Stellar] constract a StellarSystem from src/TXT/StellarSystem.txt
2019-06-02 13:55:21  [ main:50 ] - [ INFO ]  [SocialNetwork]constract network from src/TXT/SocialNetworkCircle.txt
2019-06-02 13:55:21  [ main:60 ] - [ INFO ]  [SocialNetwork]constract network from src/TXT/SocialNetworkCircle.txt
2019-06-02 13:55:21  [ main:64 ] - [ INFO ]  [Stellar] constract a StellarSystem from src/TXT/StellarSystem.txt
2019-06-02 13:55:21  [ main:67 ] - [ INFO ]  [Electron] constract a nuclues system from src/TXT/AtomicStructure.txt
2019-06-02 13:55:21  [ main:70 ] - [ INFO ]  [SocialNetwork]constract network from src/TXT/SocialNetworkCircle.txt
2019-06-02 13:55:21  [ main:74 ] - [ INFO ]  [SocialNetwork] caculate the spread of a friend in social system
2019-06-02 13:55:21  [ main:74 ] - [ INFO ]  [SocialNetwork] caculate the spread of a friend in social system
2019-06-02 13:55:21  [ main:76 ] - [ INFO ]  [SocialNetwork]constract network from src/TXT/SocialNetworkCircle.txt
2019-06-02 13:55:21  [ main:79 ] - [ INFO ]  [SocialNetwork] add a relation between two friends in social system
2019-06-02 13:55:21  [ main:79 ] - [ INFO ]  [SocialNetwork] delete a relation between two friends in social system
2019-06-02 13:55:21  [ main:81 ] - [ INFO ]  [SocialNetwork]constract network from src/TXT/SocialNetworkCircle.txt
2019-06-02 13:55:21  [ main:87 ] - [ INFO ]  [SocialNetwork] caculate the logical distance between two friends in social system
2019-06-02 13:55:21  [ main:90 ] - [ INFO ]  [SocialNetwork] caculate the logical distance between two friends in social system
2019-06-02 13:55:21  [ main:91 ] - [ INFO ]  [SocialNetwork] caculate the logical distance between two friends in social system
2019-06-02 13:55:21  [ main:94 ] - [ INFO ]  [SocialNetwork]constract network from src/TXT/SocialNetworkCircle.txt
2019-06-02 13:55:21  [ main:103 ] - [ INFO ]  [SocialNetwork]constract network from src/TXT/SocialNetworkCircle.txt
2019-06-02 13:55:21  [ main:108 ] - [ INFO ]  [SocialNetwork]constract network from src/TXT/SocialNetworkCircle.txt
2019-06-02 13:55:21  [ main:114 ] - [ INFO ]  [SocialNetwork] delete a relation between two friends in social system
2019-06-02 13:55:21  [ main:116 ] - [ INFO ]  [SocialNetwork] add a relation between two friends in social system
2019-06-02 13:55:21  [ main:118 ] - [ INFO ]  [Stellar] constract a StellarSystem from src/TXT/StellarSystem.txt
2019-06-02 13:55:21  [ main:119 ] - [ INFO ]  [Stellar] caculate angle of Neptune at time 50000000
2019-06-02 13:55:21  [ main:121 ] - [ INFO ]  [Stellar] caculate angle of Saturn at time 50000000
2019-06-02 13:55:21  [ main:122 ] - [ INFO ]  [Stellar] caculate angle of Mercury at time 50000000
2019-06-02 13:55:21  [ main:122 ] - [ INFO ]  [Stellar] caculate angle of Earth at time 50000000
2019-06-02 13:55:21  [ main:123 ] - [ INFO ]  [Stellar] caculate angle of Jupiter at time 50000000
2019-06-02 13:55:21  [ main:123 ] - [ INFO ]  [Stellar] caculate angle of Mars at time 50000000
2019-06-02 13:55:21  [ main:125 ] - [ INFO ]  [Stellar] constract a StellarSystem from src/TXT/StellarSystem.txt
2019-06-02 13:55:21  [ main:127 ] - [ INFO ]  [Stellar] add a planet at a track
2019-06-02 13:55:21  [ main:132 ] - [ INFO ]  [Stellar] constract a StellarSystem from src/TXT/StellarSystem.txt
2019-06-02 13:55:21  [ main:133 ] - [ INFO ]  [Stellar] delete a planet track
2019-06-02 13:55:21  [ main:134 ] - [ INFO ]  [Stellar] constract a StellarSystem from src/TXT/StellarSystem.txt
2019-06-02 13:55:21  [ main:137 ] - [ INFO ]  [Stellar] caculate the distance of w and w
2019-06-02 13:55:21  [ main:143 ] - [ INFO ]  [Stellar] add a new Steller
2019-06-02 13:55:21  [ main:144 ] - [ INFO ]  [Stellar] constract a StellarSystem from src/TXT/StellarSystem.txt
2019-06-02 13:55:21  [ main:149 ] - [ INFO ]  [Stellar] add a relation between Sun toNeptune
2019-06-02 13:55:21  [ main:151 ] - [ INFO ]  [SocialNetwork]constract network from src/TXT/SocialNetworkCircle.txt
2019-06-02 13:55:21  [ main:252 ] - [ INFO ]  [SocialNetwork]constract network from src/TXT/SocialNetworkCircle_Medium.txt
2019-06-02 13:55:23  [ main:1928 ] - [ INFO ]  [SocialNetwork]constract network from src/TXT/SocialNetworkCircle.txt
2019-06-02 13:55:23  [ main:1952 ] - [ INFO ]  [SocialNetwork]constract network from src/TXT/SocialNetworkCircle_Medium.txt
2019-06-02 13:55:24  [ main:3119 ] - [ INFO ]  [SocialNetwork]constract network from src/TXT/SocialNetworkCircle.txt
2019-06-02 13:55:24  [ main:3120 ] - [ INFO ]  [SocialNetwork] caculate the logical distance between two friends in social system
2019-06-02 13:55:24  [ main:3121 ] - [ INFO ]  [SocialNetwork] caculate the logical distance between two friends in social system
2019-06-02 13:55:24  [ main:3121 ] - [ INFO ]  [SocialNetwork] caculate the logical distance between two friends in social system
2019-06-02 13:55:24  [ main:3122 ] - [ INFO ]  [Stellar] constract a StellarSystem from src/TXT/StellarSystem.txt
2019-06-02 13:55:24  [ main:3171 ] - [ INFO ]  [Stellar] constract a StellarSystem from src/TXT/StellarSystem_Medium.txt
2019-06-02 13:55:24  [ main:3204 ] - [ INFO ]  [Stellar] constract a StellarSystem from src/TXT/StellarSystem.txt
2019-06-02 13:55:24  [ main:3214 ] - [ INFO ]  [Stellar] constract a StellarSystem from src/TXT/StellarSystem_Medium.txt
2019-06-02 13:55:24  [ main:3228 ] - [ INFO ]  [Stellar] constract a StellarSystem from src/TXT/StellarSystem.txt
2019-06-02 13:55:24  [ main:3229 ] - [ INFO ]  [Stellar] caculate the distance of Neptune and Saturn
2019-06-02 13:55:24  [ main:3233 ] - [ INFO ]  [Stellar] caculate the distance of Neptune and Mercury
2019-06-02 13:55:24  [ main:3239 ] - [ INFO ]  [Stellar] caculate the distance of Mercury and Saturn
2019-06-02 13:55:24  [ main:3243 ] - [ INFO ]  [Electron] constract a nuclues system from src/TXT/AtomicStructure.txt
2019-06-02 13:55:24  [ main:3245 ] - [ INFO ]  [Electron] constract a nuclues system from src/TXT/AtomicStructure.txt
2019-06-02 13:55:24  [ main:3246 ] - [ INFO ]  [Electron] constract a nuclues system from src/TXT/AtomicStructure.txt
2019-06-02 13:55:24  [ main:3247 ] - [ INFO ]  [Electron] constract a nuclues system from src/TXT/AtomicStructure_Medium.txt
2019-06-02 13:55:24  [ main:3248 ] - [ INFO ]  [Electron] constract a nuclues system from src/TXT/AtomicStructure.txt
2019-06-02 13:55:24  [ main:3249 ] - [ INFO ]  [Electron] constract a nuclues system from src/TXT/AtomicStructure_Medium.txt
2019-06-02 13:55:24  [ main:3250 ] - [ INFO ]  [Electron] constract a nuclues system from src/TXT/AtomicStructure.txt
2019-06-02 13:55:24  [ main:3251 ] - [ INFO ]  [Electron] add a relation between two electrons
2019-06-02 13:55:24  [ main:3252 ] - [ INFO ]  [Electron] add a relation between two electrons
2019-06-02 13:55:24  [ main:3253 ] - [ INFO ]  [Electron] constract a nuclues system from src/TXT/AtomicStructure.txt
2019-06-02 13:55:24  [ main:3254 ] - [ INFO ]  [Electron] add a electron on a track
2019-06-02 13:55:24  [ main:3255 ] - [ INFO ]  [Electron] constract a nuclues system from src/TXT/AtomicStructure.txt
2019-06-02 13:55:24  [ main:3255 ] - [ INFO ]  [Electron] add a relation between two electrons
2019-06-02 13:55:24  [ main:3256 ] - [ INFO ]  [Electron] constract a nuclues system from src/TXT/AtomicStructure.txt
2019-06-02 13:55:24  [ main:3257 ] - [ INFO ]  [Electron] a electron transmits to another track in nuclues system
2019-06-02 13:55:24  [ main:3258 ] - [ INFO ]  [Electron] constract a nuclues system from src/TXT/AtomicStructure.txt
2019-06-02 13:55:24  [ main:3259 ] - [ INFO ]  [Electron] remove a track in nuclues system
2019-06-02 13:55:24  [ main:3259 ] - [ INFO ]  [Electron] constract a nuclues system from src/TXT/AtomicStructure.txt
2019-06-02 13:55:24  [ main:3260 ] - [ INFO ]  [Electron] a electron transmits to another track in nuclues system
2019-06-02 13:55:24  [ main:3260 ] - [ INFO ]  [Electron] Return to the previous state
2019-06-02 13:55:24  [ main:3260 ] - [ INFO ]  [Electron] constract a nuclues system from src/TXT/AtomicStructure.txt
2019-06-02 13:55:24  [ main:3261 ] - [ INFO ]  [Electron] add a new track in nuclues system
2019-06-02 13:55:24  [ main:3264 ] - [ INFO ]  [Electron] constract a nuclues system from src/TXT/AtomicStructure.txt
2019-06-02 13:55:24  [ main:3265 ] - [ INFO ]  [Electron] add a nuclues in nuclues system
2019-06-02 13:55:24  [ main:3265 ] - [ INFO ]  [Electron] constract a nuclues system from src/TXT/AtomicStructure.txt
2019-06-02 13:55:24  [ main:3268 ] - [ INFO ]  [Electron] add a relation between a electron and a nuclues
2019-06-02 13:55:24  [ main:3270 ] - [ ERROR ]  [Stellar] Syntax Ecception at Stellar
2019-06-02 13:55:24  [ main:3270 ] - [ ERROR ]  [Stellar] Planet ::= <Earth,Solid,Blue,6378784137, 1943684325346526424234235,293366366783,CW,0> :6378784137 is bigger than 10000 but don't use Scientific counting
2019-06-02 13:55:24  [ main:3271 ] - [ ERROR ]  [Stellar] Planet ::= <Earth,Solid,Blue,6378784137, 1943684325346526424234235,293366366783,CW,0> : 1943684325346526424234235 is bigger than 10000 but don't use Scientific counting
2019-06-02 13:55:24  [ main:3271 ] - [ ERROR ]  [Stellar] Planet ::= <Earth,Solid,Blue,6378784137, 1943684325346526424234235,293366366783,CW,0> :293366366783 is bigger than 10000 but don't use Scientific counting
2019-06-02 13:55:24  [ main:3273 ] - [ ERROR ]  [Stellar] syntaxException at Planet ::= <Saturn,wxw,Red,2378,1.49e6,2.33e5,CCW,39.21> ,this planet is not Solid or Liquid or Gas
2019-06-02 13:55:24  [ main:3273 ] - [ ERROR ]  [Stellar] Syntax Exception at Planet ::ewjfuyuew= <Mars,Solid,Red,637.137,9.99e10, 1000.93,CCW,110>
2019-06-02 13:55:24  [ main:3273 ] - [ ERROR ]  [Stellar] Syntax Exception at Planet ::===================== <Uranus,Gas,    Blue,637.137,1.49e11,1e5,CW,359>
2019-06-02 13:55:24  [ main:3274 ] - [ ERROR ]  [Stellar] parameter exception at steller,excepted 3 parameter3,but is 4 parameters
2019-06-02 13:55:24  [ main:3275 ] - [ ERROR ]  [Stellar] Syntax Ecception at Stellar
2019-06-02 13:55:24  [ main:3275 ] - [ ERROR ]  [Stellar] parameter exception at Planet ::= <Earth,Solid,Blue,6378.137, 1.49e8,29.783,CW,0,1,1,7,0,5,0,0,7,0,4>, except 8 parameters,but is 18 parameters
2019-06-02 13:55:24  [ main:3276 ] - [ ERROR ]  [Stellar] Earth  this planet occurs twice!!!
2019-06-02 13:55:24  [ main:3278 ] - [ ERROR ]  [Stellar] Syntax Exception at Planet ::= <Earth,Solid,Blue,6378.137, 1.49e8,29.783,CW,-123>
2019-06-02 13:55:24  [ main:3279 ] - [ ERROR ]  [Stellar] wrong angle at Planet ::= <Mercury,Solid,Dark,1378.137,1.49e7,               69,CW,2770.736>
2019-06-02 13:55:24  [ main:3280 ] - [ ERROR ]  [Stellar] wrong angle at Planet ::= <Saturn,Liquid,Red,2378,1.49e6,2.33e5,CCW,487784.48>
